2025-07-14 19:01:19,265 - INFO - Config loaded successfully
2025-07-14 19:01:19,266 - INFO - Configured pools: 5
2025-07-14 19:01:19,266 - INFO -   - 2Miners: rvn.2miners.com:6060
2025-07-14 19:01:19,267 - INFO -   - Ravenminer: stratum.ravenminer.com:3838
2025-07-14 19:01:19,267 - INFO -   - WoolyPooly: pool.br.woolypooly.com:55555
2025-07-14 19:01:19,267 - INFO -   - HeroMiners: br.ravencoin.herominers.com:1140
2025-07-14 19:01:19,267 - INFO -   - Nanopool: rvn-us-east1.nanopool.org:10400
2025-07-14 19:01:19,267 - INFO - Starting Object-Oriented X16R Ravencoin Miner
2025-07-14 19:01:19,267 - INFO - Started at: 2025-07-14 19:01:19.267554
2025-07-14 19:01:19,267 - INFO - Using CUDA X16R algorithm with per-pool headers
2025-07-14 19:01:19,464 - INFO - X16R miner found and ready
2025-07-14 19:01:19,464 - INFO - === Mining Cycle #1 ===
2025-07-14 19:01:19,686 - INFO - Connected to 2Miners
2025-07-14 19:01:19,904 - INFO - Subscribe response from 2Miners: {"id":1,"result":["00606158","98"],"error":null}

2025-07-14 19:01:20,122 - INFO - Auth response from 2Miners: {"id":2,"result":true,"error":null}
{"id":null,"method":"mining.set_target","params":["00000000ffff0000000000000000000000000000000000000000000000000000"]}

2025-07-14 19:01:20,122 - INFO - Parsed job for 2Miners: MiningJob(job_id='46bc6', prev_hash='3a69e6bba7109d90eb72caf103bd8696c0de15d2c733c6fd2414b6bd0618827e', coinb1='e2a0bf0331b99c53b48bebc8de9d398b3aaaba90917491d9044987e12d593849', coinb2='00000000ffff0000000000000000000000000000000000000000000000000000', version=3931905, nbits='1b00d5d1', ntime='68757e30', target='000000000000d5d1000000000000000000000000000000000000000000000000', clean_jobs=True, merkle_branches=[])
2025-07-14 19:01:20,123 - INFO - Created header_2miners.bin for 2Miners
2025-07-14 19:01:20,262 - INFO - X16R mining completed for 2Miners
2025-07-14 19:01:20,402 - INFO - Connected to Ravenminer
2025-07-14 19:01:20,532 - INFO - Subscribe response from Ravenminer: {"id":1,"result":[null,"d1"],"error":null}

2025-07-14 19:01:20,673 - INFO - Auth response from Ravenminer: {"id":2,"result":true,"error":null}

2025-07-14 19:01:20,856 - INFO - Parsed job for Ravenminer: MiningJob(job_id='5c6f', prev_hash='b3e9f55124753450a4051be9709a073072a3a16e1371ef676701f7bce72b7f24', coinb1='e2a0bf0331b99c53b48bebc8de9d398b3aaaba90917491d9044987e12d593849', coinb2='00000004fb000000000000000000000000000000000000000000000000000000', version=3931905, nbits='1b00d5d1', ntime='68757e30', target='000000000000d5d1000000000000000000000000000000000000000000000000', clean_jobs=True, merkle_branches=[])
2025-07-14 19:01:20,857 - INFO - Created header_ravenminer.bin for Ravenminer
2025-07-14 19:01:21,005 - INFO - X16R mining completed for Ravenminer
2025-07-14 19:01:21,021 - INFO - Connected to WoolyPooly
2025-07-14 19:01:21,034 - ERROR - Failed to subscribe to WoolyPooly: [WinError 10054] An existing connection was forcibly closed by the remote host
2025-07-14 19:01:21,048 - INFO - Connected to HeroMiners
2025-07-14 19:01:21,297 - INFO - Subscribe response from HeroMiners: {"id":1,"error":null,"result":[null,"1194"]}

2025-07-14 19:01:22,531 - INFO - Auth response from HeroMiners: {"id":2,"error":null,"result":true}
{"id":null,"method":"mining.notify","params":["0","ddfb193cb3799f219d9c6f92563e08dc315d2b1360457e5bb4d837118f404573","e2a0bf0331b99c53b48bebc8de9d398b3aaaba90917491d9044987e12d593849","00000003fffffffffffffffffffffffffffffffffffffffffffffffffffffffc",true,3931905,"1b00d5d1"]}

2025-07-14 19:01:32,542 - ERROR - Error getting job from HeroMiners: timed out
2025-07-14 19:01:32,683 - INFO - Connected to Nanopool
2025-07-14 19:01:33,015 - INFO - Subscribe response from Nanopool: {"id":1,"result":[null,"929d31"],"error":null}

2025-07-14 19:01:33,247 - INFO - Auth response from Nanopool: {"id":null,"method":"mining.set_target","params":["00000004c5adf9601f294e237e477a16da83737a977a9898ed5f5fe6ad94fdd8"]}
{"id":null,"method":"mining.notify","params":["89b83","f5b10ca1c5b5f18f4378a0abce18698e03560efcefda3990107dc3e6801b7030","e2a0bf0331b99c53b48bebc8de9d398b3aaaba90917491d9044987e12d593849","00000004c5adf9601f294e237e477a16da83737a977a9898ed5f5fe6ad94fdd8",true,3931905,"1b00d5d1"]}
{"id":2,"result":true,"error":null}

2025-07-14 19:01:38,994 - INFO - Parsed job for Nanopool: MiningJob(job_id='89b84', prev_hash='55b2b76fbfcceb3c4aabf37af453905c82311726509dfaf9df86c6c976cf3975', coinb1='e2a0bf0331b99c53b48bebc8de9d398b3aaaba90917491d9044987e12d593849', coinb2='00000004c5adf9601f294e237e477a16da83737a977a9898ed5f5fe6ad94fdd8', version=3931905, nbits='1b00d5d1', ntime='68757e42', target='000000000000d5d1000000000000000000000000000000000000000000000000', clean_jobs=True, merkle_branches=[])
2025-07-14 19:01:38,995 - INFO - Created header_nanopool.bin for Nanopool
2025-07-14 19:01:39,152 - INFO - X16R mining completed for Nanopool
2025-07-14 19:01:39,153 - INFO - Cycle completed. Total shares: 0, Accepted: 0
2025-07-14 19:01:40,154 - INFO - === Mining Cycle #2 ===
2025-07-14 19:01:40,377 - INFO - Connected to 2Miners
2025-07-14 19:01:40,600 - INFO - Subscribe response from 2Miners: {"id":1,"result":["006063ed","b1"],"error":null}

2025-07-14 19:01:40,822 - INFO - Auth response from 2Miners: {"id":2,"result":true,"error":null}
{"id":null,"method":"mining.set_target","params":["00000000ffff0000000000000000000000000000000000000000000000000000"]}

2025-07-14 19:01:40,822 - INFO - Parsed job for 2Miners: MiningJob(job_id='46bc6', prev_hash='cc70d037c71cc96cf2018b0b8e9a7af859a51f508dd6ef5400ac0fc9ae1e70f8', coinb1='e2a0bf0331b99c53b48bebc8de9d398b3aaaba90917491d9044987e12d593849', coinb2='00000000ffff0000000000000000000000000000000000000000000000000000', version=3931905, nbits='1b00d5d1', ntime='68757e44', target='000000000000d5d1000000000000000000000000000000000000000000000000', clean_jobs=True, merkle_branches=[])
2025-07-14 19:01:40,822 - INFO - Created header_2miners.bin for 2Miners
2025-07-14 19:01:41,008 - INFO - X16R mining completed for 2Miners
2025-07-14 19:01:41,153 - INFO - Connected to Ravenminer
2025-07-14 19:01:41,285 - INFO - Subscribe response from Ravenminer: {"id":1,"result":[null,"e2"],"error":null}

2025-07-14 19:01:41,414 - INFO - Auth response from Ravenminer: {"id":2,"result":true,"error":null}

2025-07-14 19:01:41,597 - INFO - Parsed job for Ravenminer: MiningJob(job_id='5c7d', prev_hash='7b5b96c1d5c315ecfa5eeff565a1eba389c214c79fc4215f05a660a2bddab147', coinb1='e2a0bf0331b99c53b48bebc8de9d398b3aaaba90917491d9044987e12d593849', coinb2='00000004fb000000000000000000000000000000000000000000000000000000', version=3931905, nbits='1b00d5d1', ntime='68757e45', target='000000000000d5d1000000000000000000000000000000000000000000000000', clean_jobs=True, merkle_branches=[])
2025-07-14 19:01:41,598 - INFO - Created header_ravenminer.bin for Ravenminer
2025-07-14 19:01:41,750 - INFO - X16R mining completed for Ravenminer
2025-07-14 19:01:41,767 - INFO - Connected to WoolyPooly
2025-07-14 19:01:41,782 - INFO - Subscribe response from WoolyPooly: {"id":1,"jsonrpc":"2.0","error":null,"result":["0HNDV153E4NR1","0967"]}

2025-07-14 19:01:42,001 - INFO - Auth response from WoolyPooly: {"id":2,"jsonrpc":"2.0","error":null,"result":true}

2025-07-14 19:01:42,001 - INFO - Parsed job for WoolyPooly: MiningJob(job_id='00004976', prev_hash='a6bafb9141751646153e940c981918625a595ad1b701bc36e54d41e5c223c926', coinb1='e2a0bf0331b99c53b48bebc8de9d398b3aaaba90917491d9044987e12d593849', coinb2='0000000500000000000000000000000000000000000000000000000000000000', version=3931905, nbits='1b00d5d1', ntime='68757e46', target='000000000000d5d1000000000000000000000000000000000000000000000000', clean_jobs=True, merkle_branches=[])
2025-07-14 19:01:42,002 - INFO - Created header_woolypooly.bin for WoolyPooly
2025-07-14 19:01:42,136 - INFO - X16R mining completed for WoolyPooly
2025-07-14 19:01:42,153 - INFO - Connected to HeroMiners
2025-07-14 19:01:42,403 - INFO - Subscribe response from HeroMiners: {"id":1,"error":null,"result":[null,"842d"]}

2025-07-14 19:01:43,639 - INFO - Auth response from HeroMiners: {"id":2,"error":null,"result":true}

2025-07-14 19:01:43,639 - INFO - Parsed job for HeroMiners: MiningJob(job_id='0', prev_hash='ddfb193cb3799f219d9c6f92563e08dc315d2b1360457e5bb4d837118f404573', coinb1='e2a0bf0331b99c53b48bebc8de9d398b3aaaba90917491d9044987e12d593849', coinb2='00000003fffffffffffffffffffffffffffffffffffffffffffffffffffffffc', version=3931905, nbits='1b00d5d1', ntime='68757e47', target='000000000000d5d1000000000000000000000000000000000000000000000000', clean_jobs=True, merkle_branches=[])
2025-07-14 19:01:43,640 - INFO - Created header_herominers.bin for HeroMiners
2025-07-14 19:01:43,787 - INFO - X16R mining completed for HeroMiners
2025-07-14 19:01:43,941 - INFO - Connected to Nanopool
2025-07-14 19:01:44,292 - INFO - Subscribe response from Nanopool: {"id":1,"result":[null,"db83a2"],"error":null}

2025-07-14 19:01:44,544 - INFO - Auth response from Nanopool: {"id":null,"method":"mining.set_target","params":["00000004c5adf9601f294e237e477a16da83737a977a9898ed5f5fe6ad94fdd8"]}
{"id":null,"method":"mining.notify","params":["6beb","0dd26233e22d49bca68f8ce698c7c28004bdd3e793d0f673606590cecebc133a","e2a0bf0331b99c53b48bebc8de9d398b3aaaba90917491d9044987e12d593849","00000004c5adf9601f294e237e477a16da83737a977a9898ed5f5fe6ad94fdd8",true,3931905,"1b00d5d1"]}
{"id":2,"result":true,"error":null}

2025-07-14 19:01:54,553 - ERROR - Error getting job from Nanopool: timed out
2025-07-14 19:01:54,553 - INFO - Cycle completed. Total shares: 0, Accepted: 0
2025-07-14 19:01:55,554 - INFO - === Mining Cycle #3 ===
2025-07-14 19:01:55,779 - INFO - Connected to 2Miners
2025-07-14 19:01:56,000 - INFO - Subscribe response from 2Miners: {"id":1,"result":["00606618","81"],"error":null}

2025-07-14 19:01:56,223 - INFO - Auth response from 2Miners: {"id":2,"result":true,"error":null}
{"id":null,"method":"mining.set_target","params":["00000000ffff0000000000000000000000000000000000000000000000000000"]}

2025-07-14 19:01:56,223 - INFO - Parsed job for 2Miners: MiningJob(job_id='46bc6', prev_hash='314debd73cad8a09942611558bfbca3e1c3e06faae8182ceaa20b43bae772879', coinb1='e2a0bf0331b99c53b48bebc8de9d398b3aaaba90917491d9044987e12d593849', coinb2='00000000ffff0000000000000000000000000000000000000000000000000000', version=3931905, nbits='1b00d5d1', ntime='68757e54', target='000000000000d5d1000000000000000000000000000000000000000000000000', clean_jobs=True, merkle_branches=[])
2025-07-14 19:01:56,224 - INFO - Created header_2miners.bin for 2Miners
2025-07-14 19:01:56,379 - INFO - X16R mining completed for 2Miners
2025-07-14 19:01:56,532 - INFO - Connected to Ravenminer
2025-07-14 19:01:56,659 - INFO - Subscribe response from Ravenminer: {"id":1,"result":[null,"67"],"error":null}

2025-07-14 19:01:56,793 - INFO - Auth response from Ravenminer: {"id":2,"result":true,"error":null}

2025-07-14 19:01:56,963 - INFO - Parsed job for Ravenminer: MiningJob(job_id='5bad', prev_hash='027b891eec417b11e9c5edf9f9549efb8e158d3fc06ca6f2343d3ede4a39ae8b', coinb1='e2a0bf0331b99c53b48bebc8de9d398b3aaaba90917491d9044987e12d593849', coinb2='00000004fb000000000000000000000000000000000000000000000000000000', version=3931905, nbits='1b00d5d1', ntime='68757e54', target='000000000000d5d1000000000000000000000000000000000000000000000000', clean_jobs=True, merkle_branches=[])
2025-07-14 19:01:56,964 - INFO - Created header_ravenminer.bin for Ravenminer
2025-07-14 19:01:57,103 - INFO - X16R mining completed for Ravenminer
2025-07-14 19:01:57,119 - INFO - Connected to WoolyPooly
2025-07-14 19:01:57,134 - INFO - Subscribe response from WoolyPooly: {"id":1,"jsonrpc":"2.0","error":null,"result":["0HNDV153E4NRN","096a"]}

2025-07-14 19:01:57,352 - INFO - Auth response from WoolyPooly: {"id":2,"jsonrpc":"2.0","error":null,"result":true}
{"jsonrpc":"2.0","method":"mining.notify","params":["00004976","a6bafb9141751646153e940c981918625a595ad1b701bc36e54d41e5c223c926","e2a0bf0331b99c53b48bebc8de9d398b3aaaba90917491d9044987e12d593849","0000000500000000000000000000000000000000000000000000000000000000",true,3931905,"1b00d5d1"],"id":null}

2025-07-14 19:01:59,579 - INFO - Parsed job for WoolyPooly: MiningJob(job_id='00004977', prev_hash='6cc8243521ffe940c0e994dba947c9e54f82379d14749a0bab1e17c59bde8a0e', coinb1='e2a0bf0331b99c53b48bebc8de9d398b3aaaba90917491d9044987e12d593849', coinb2='0000000500000000000000000000000000000000000000000000000000000000', version=3931905, nbits='1b00d5d1', ntime='68757e57', target='000000000000d5d1000000000000000000000000000000000000000000000000', clean_jobs=True, merkle_branches=[])
2025-07-14 19:01:59,580 - INFO - Created header_woolypooly.bin for WoolyPooly
2025-07-14 19:01:59,706 - INFO - X16R mining completed for WoolyPooly
2025-07-14 19:01:59,719 - INFO - Connected to HeroMiners
2025-07-14 19:01:59,969 - INFO - Subscribe response from HeroMiners: {"id":1,"error":null,"result":[null,"ceae"]}

2025-07-14 19:02:01,210 - INFO - Auth response from HeroMiners: {"id":2,"error":null,"result":true}

2025-07-14 19:02:01,210 - INFO - Parsed job for HeroMiners: MiningJob(job_id='0', prev_hash='ddfb193cb3799f219d9c6f92563e08dc315d2b1360457e5bb4d837118f404573', coinb1='e2a0bf0331b99c53b48bebc8de9d398b3aaaba90917491d9044987e12d593849', coinb2='00000003fffffffffffffffffffffffffffffffffffffffffffffffffffffffc', version=3931905, nbits='1b00d5d1', ntime='68757e59', target='000000000000d5d1000000000000000000000000000000000000000000000000', clean_jobs=True, merkle_branches=[])
2025-07-14 19:02:01,210 - INFO - Created header_herominers.bin for HeroMiners
2025-07-14 19:02:01,359 - INFO - X16R mining completed for HeroMiners
2025-07-14 19:02:01,503 - INFO - Connected to Nanopool
2025-07-14 19:02:01,824 - INFO - Subscribe response from Nanopool: {"id":1,"result":[null,"b9ef31"],"error":null}

2025-07-14 19:02:02,059 - INFO - Auth response from Nanopool: {"id":null,"method":"mining.set_target","params":["00000004c5adf9601f294e237e477a16da83737a977a9898ed5f5fe6ad94fdd8"]}
{"id":null,"method":"mining.notify","params":["89b85","9af498e5fcd95912319fcc99ea1da6c6f20917f5177c7cda184a19e0318183f3","e2a0bf0331b99c53b48bebc8de9d398b3aaaba90917491d9044987e12d593849","00000004c5adf9601f294e237e477a16da83737a977a9898ed5f5fe6ad94fdd8",true,3931905,"1b00d5d1"]}
{"id":2,"result":true,"error":null}

2025-07-14 19:02:12,069 - ERROR - Error getting job from Nanopool: timed out
2025-07-14 19:02:12,069 - INFO - Cycle completed. Total shares: 0, Accepted: 0
2025-07-14 19:02:13,069 - INFO - === Mining Cycle #4 ===
2025-07-14 19:02:13,283 - INFO - Connected to 2Miners
2025-07-14 19:02:13,496 - INFO - Subscribe response from 2Miners: {"id":1,"result":["00606834","32"],"error":null}

2025-07-14 19:02:13,711 - INFO - Auth response from 2Miners: {"id":2,"result":true,"error":null}
{"id":null,"method":"mining.set_target","params":["00000000ffff0000000000000000000000000000000000000000000000000000"]}

2025-07-14 19:02:13,711 - INFO - Parsed job for 2Miners: MiningJob(job_id='46bc6', prev_hash='c0f3c05e6777995fbdde1a6ca8056fd482d6c190f93eb1d11fae4ac1bd7218b2', coinb1='e2a0bf0331b99c53b48bebc8de9d398b3aaaba90917491d9044987e12d593849', coinb2='00000000ffff0000000000000000000000000000000000000000000000000000', version=3931905, nbits='1b00d5d1', ntime='68757e65', target='000000000000d5d1000000000000000000000000000000000000000000000000', clean_jobs=True, merkle_branches=[])
2025-07-14 19:02:13,712 - INFO - Created header_2miners.bin for 2Miners
2025-07-14 19:02:13,866 - INFO - X16R mining completed for 2Miners
2025-07-14 19:02:13,996 - INFO - Connected to Ravenminer
2025-07-14 19:02:14,128 - INFO - Subscribe response from Ravenminer: {"id":1,"result":[null,"b2"],"error":null}

2025-07-14 19:02:14,256 - INFO - Auth response from Ravenminer: {"id":2,"result":true,"error":null}

2025-07-14 19:02:14,425 - INFO - Parsed job for Ravenminer: MiningJob(job_id='5bad', prev_hash='e730df1e44db223cdf48c4940bd788ea913a5eaf0a532b3a39bbefc41bc83755', coinb1='e2a0bf0331b99c53b48bebc8de9d398b3aaaba90917491d9044987e12d593849', coinb2='00000004fb000000000000000000000000000000000000000000000000000000', version=3931905, nbits='1b00d5d1', ntime='68757e66', target='000000000000d5d1000000000000000000000000000000000000000000000000', clean_jobs=True, merkle_branches=[])
2025-07-14 19:02:14,426 - INFO - Created header_ravenminer.bin for Ravenminer
2025-07-14 19:02:14,569 - INFO - X16R mining completed for Ravenminer
2025-07-14 19:02:14,604 - INFO - Connected to WoolyPooly
2025-07-14 19:02:14,617 - INFO - Subscribe response from WoolyPooly: {"id":1,"jsonrpc":"2.0","error":null,"result":["0HNDV153E4NS6","096c"]}

2025-07-14 19:02:14,835 - INFO - Auth response from WoolyPooly: {"id":2,"jsonrpc":"2.0","error":null,"result":true}
{"jsonrpc":"2.0","method":"mining.notify","params":["00004977","6cc8243521ffe940c0e994dba947c9e54f82379d14749a0bab1e17c59bde8a0e","e2a0bf0331b99c53b48bebc8de9d398b3aaaba90917491d9044987e12d593849","0000000500000000000000000000000000000000000000000000000000000000",true,3931905,"1b00d5d1"],"id":null}

2025-07-14 19:02:24,844 - ERROR - Error getting job from WoolyPooly: timed out
2025-07-14 19:02:24,856 - INFO - Connected to HeroMiners
2025-07-14 19:02:25,104 - INFO - Subscribe response from HeroMiners: {"id":1,"error":null,"result":[null,"17f1"]}

2025-07-14 19:02:26,340 - INFO - Auth response from HeroMiners: {"id":2,"error":null,"result":true}

2025-07-14 19:02:26,340 - INFO - Parsed job for HeroMiners: MiningJob(job_id='0', prev_hash='ddfb193cb3799f219d9c6f92563e08dc315d2b1360457e5bb4d837118f404573', coinb1='e2a0bf0331b99c53b48bebc8de9d398b3aaaba90917491d9044987e12d593849', coinb2='00000003fffffffffffffffffffffffffffffffffffffffffffffffffffffffc', version=3931905, nbits='1b00d5d1', ntime='68757e72', target='000000000000d5d1000000000000000000000000000000000000000000000000', clean_jobs=True, merkle_branches=[])
2025-07-14 19:02:26,341 - INFO - Created header_herominers.bin for HeroMiners
2025-07-14 19:02:26,544 - INFO - X16R mining completed for HeroMiners
2025-07-14 19:02:26,686 - INFO - Connected to Nanopool
2025-07-14 19:02:27,013 - INFO - Subscribe response from Nanopool: {"id":1,"result":[null,"575d63"],"error":null}

2025-07-14 19:02:27,246 - INFO - Auth response from Nanopool: {"id":null,"method":"mining.set_target","params":["00000004c5adf9601f294e237e477a16da83737a977a9898ed5f5fe6ad94fdd8"]}
{"id":null,"method":"mining.notify","params":["3b4d2","27ab931cd859cc9fbd3f1f7033d6b810c5936dd829284d94a1bd01ae0b285391","e2a0bf0331b99c53b48bebc8de9d398b3aaaba90917491d9044987e12d593849","00000004c5adf9601f294e237e477a16da83737a977a9898ed5f5fe6ad94fdd8",true,3931905,"1b00d5d1"]}
{"id":2,"result":true,"error":null}

2025-07-14 19:02:37,248 - ERROR - Error getting job from Nanopool: timed out
2025-07-14 19:02:37,249 - INFO - Cycle completed. Total shares: 0, Accepted: 0
2025-07-14 19:02:38,249 - INFO - === Mining Cycle #5 ===
2025-07-14 19:02:38,474 - INFO - Connected to 2Miners
2025-07-14 19:02:38,699 - INFO - Subscribe response from 2Miners: {"id":1,"result":["00606b04","57"],"error":null}

2025-07-14 19:02:38,924 - INFO - Auth response from 2Miners: {"id":2,"result":true,"error":null}

2025-07-14 19:02:38,925 - INFO - Parsed job for 2Miners: MiningJob(job_id='46bc6', prev_hash='6318aa0dcea00bb1a4879ab73212d33bc27d32208c0cf09ed66943f90e310d42', coinb1='e2a0bf0331b99c53b48bebc8de9d398b3aaaba90917491d9044987e12d593849', coinb2='00000000ffff0000000000000000000000000000000000000000000000000000', version=3931905, nbits='1b00d5d1', ntime='68757e7e', target='000000000000d5d1000000000000000000000000000000000000000000000000', clean_jobs=True, merkle_branches=[])
2025-07-14 19:02:38,925 - INFO - Created header_2miners.bin for 2Miners
2025-07-14 19:02:39,072 - INFO - X16R mining completed for 2Miners
2025-07-14 19:02:39,222 - INFO - Connected to Ravenminer
2025-07-14 19:02:39,363 - INFO - Subscribe response from Ravenminer: {"id":1,"result":[null,"87"],"error":null}

2025-07-14 19:02:39,491 - INFO - Auth response from Ravenminer: {"id":2,"result":true,"error":null}

2025-07-14 19:02:39,660 - INFO - Parsed job for Ravenminer: MiningJob(job_id='5b9e', prev_hash='51919e62cefc9134f138c1c100c70cdc13226e7b39febd575f0eeac4b0132507', coinb1='e2a0bf0331b99c53b48bebc8de9d398b3aaaba90917491d9044987e12d593849', coinb2='00000004fb000000000000000000000000000000000000000000000000000000', version=3931905, nbits='1b00d5d1', ntime='68757e7f', target='000000000000d5d1000000000000000000000000000000000000000000000000', clean_jobs=True, merkle_branches=[])
2025-07-14 19:02:39,661 - INFO - Created header_ravenminer.bin for Ravenminer
2025-07-14 19:02:39,791 - INFO - X16R mining completed for Ravenminer
2025-07-14 19:02:39,809 - INFO - Connected to WoolyPooly
2025-07-14 19:02:39,821 - INFO - Subscribe response from WoolyPooly: {"id":1,"jsonrpc":"2.0","error":null,"result":["0HNDV153E4NTO","0975"]}

2025-07-14 19:02:40,041 - INFO - Auth response from WoolyPooly: {"id":2,"jsonrpc":"2.0","error":null,"result":true}

2025-07-14 19:02:40,041 - INFO - Parsed job for WoolyPooly: MiningJob(job_id='00004978', prev_hash='7c7558c34ad2d0602e728f9a0470648483049161b7036452c089ed4e247807fd', coinb1='e2a0bf0331b99c53b48bebc8de9d398b3aaaba90917491d9044987e12d593849', coinb2='0000000500000000000000000000000000000000000000000000000000000000', version=3931905, nbits='1b00d5d1', ntime='68757e80', target='000000000000d5d1000000000000000000000000000000000000000000000000', clean_jobs=True, merkle_branches=[])
2025-07-14 19:02:40,042 - INFO - Created header_woolypooly.bin for WoolyPooly
2025-07-14 19:02:40,173 - INFO - X16R mining completed for WoolyPooly
2025-07-14 19:02:40,189 - INFO - Connected to HeroMiners
2025-07-14 19:02:40,430 - INFO - Subscribe response from HeroMiners: {"id":1,"error":null,"result":[null,"fe2f"]}

2025-07-14 19:02:41,663 - INFO - Auth response from HeroMiners: {"id":2,"error":null,"result":true}

2025-07-14 19:02:41,663 - INFO - Parsed job for HeroMiners: MiningJob(job_id='0', prev_hash='ddfb193cb3799f219d9c6f92563e08dc315d2b1360457e5bb4d837118f404573', coinb1='e2a0bf0331b99c53b48bebc8de9d398b3aaaba90917491d9044987e12d593849', coinb2='00000003fffffffffffffffffffffffffffffffffffffffffffffffffffffffc', version=3931905, nbits='1b00d5d1', ntime='68757e81', target='000000000000d5d1000000000000000000000000000000000000000000000000', clean_jobs=True, merkle_branches=[])
2025-07-14 19:02:41,664 - INFO - Created header_herominers.bin for HeroMiners
2025-07-14 19:02:41,799 - INFO - X16R mining completed for HeroMiners
2025-07-14 19:02:41,944 - INFO - Connected to Nanopool
2025-07-14 19:02:42,304 - INFO - Subscribe response from Nanopool: {"id":1,"result":[null,"9969b2"],"error":null}

2025-07-14 19:02:42,554 - INFO - Auth response from Nanopool: {"id":null,"method":"mining.set_target","params":["00000004c5adf9601f294e237e477a16da83737a977a9898ed5f5fe6ad94fdd8"]}
{"id":null,"method":"mining.notify","params":["6bed","27ab931cd859cc9fbd3f1f7033d6b810c5936dd829284d94a1bd01ae0b285391","e2a0bf0331b99c53b48bebc8de9d398b3aaaba90917491d9044987e12d593849","00000004c5adf9601f294e237e477a16da83737a977a9898ed5f5fe6ad94fdd8",true,3931905,"1b00d5d1"]}
{"id":2,"result":true,"error":null}

2025-07-14 19:02:49,331 - INFO - Parsed job for Nanopool: MiningJob(job_id='6bee', prev_hash='6e218051d7d1f251773bb568456e474354e7b6510ebe21f0617dfb73da17f656', coinb1='e2a0bf0331b99c53b48bebc8de9d398b3aaaba90917491d9044987e12d593849', coinb2='00000004c5adf9601f294e237e477a16da83737a977a9898ed5f5fe6ad94fdd8', version=3931905, nbits='1b00d5d1', ntime='68757e89', target='000000000000d5d1000000000000000000000000000000000000000000000000', clean_jobs=True, merkle_branches=[])
2025-07-14 19:02:49,331 - INFO - Created header_nanopool.bin for Nanopool
2025-07-14 19:02:49,460 - INFO - X16R mining completed for Nanopool
2025-07-14 19:02:49,461 - INFO - Cycle completed. Total shares: 0, Accepted: 0
2025-07-14 19:02:50,461 - INFO - === Mining Cycle #6 ===
2025-07-14 19:02:50,676 - INFO - Connected to 2Miners
2025-07-14 19:02:50,888 - INFO - Subscribe response from 2Miners: {"id":1,"result":["00606c54","1b"],"error":null}

2025-07-14 19:02:51,102 - INFO - Auth response from 2Miners: {"id":2,"result":true,"error":null}

2025-07-14 19:02:51,102 - INFO - Parsed job for 2Miners: MiningJob(job_id='46bc6', prev_hash='1809c086823b6d360b92126888922ef7743c557386227b0fb589c141b5ec9d18', coinb1='e2a0bf0331b99c53b48bebc8de9d398b3aaaba90917491d9044987e12d593849', coinb2='00000000ffff0000000000000000000000000000000000000000000000000000', version=3931905, nbits='1b00d5d1', ntime='68757e8b', target='000000000000d5d1000000000000000000000000000000000000000000000000', clean_jobs=True, merkle_branches=[])
2025-07-14 19:02:51,102 - INFO - Created header_2miners.bin for 2Miners
2025-07-14 19:02:51,224 - INFO - X16R mining completed for 2Miners
2025-07-14 19:02:51,354 - INFO - Connected to Ravenminer
2025-07-14 19:02:51,482 - INFO - Subscribe response from Ravenminer: {"id":1,"result":[null,"c9"],"error":null}

2025-07-14 19:02:51,609 - INFO - Auth response from Ravenminer: {"id":2,"result":true,"error":null}

2025-07-14 19:02:51,783 - INFO - Parsed job for Ravenminer: MiningJob(job_id='5bad', prev_hash='fef34a6cf0edc1762d4f2febecf493d6c26378cb00645f3daae2b416ee8ab6a1', coinb1='e2a0bf0331b99c53b48bebc8de9d398b3aaaba90917491d9044987e12d593849', coinb2='00000004fb000000000000000000000000000000000000000000000000000000', version=3931905, nbits='1b00d5d1', ntime='68757e8b', target='000000000000d5d1000000000000000000000000000000000000000000000000', clean_jobs=True, merkle_branches=[])
2025-07-14 19:02:51,784 - INFO - Created header_ravenminer.bin for Ravenminer
2025-07-14 19:02:51,925 - INFO - X16R mining completed for Ravenminer
2025-07-14 19:02:51,939 - INFO - Connected to WoolyPooly
2025-07-14 19:02:51,954 - INFO - Subscribe response from WoolyPooly: {"id":1,"jsonrpc":"2.0","error":null,"result":["0HNDV153E4NU7","097c"]}

2025-07-14 19:02:52,176 - INFO - Auth response from WoolyPooly: {"id":2,"jsonrpc":"2.0","error":null,"result":true}

2025-07-14 19:02:52,176 - INFO - Parsed job for WoolyPooly: MiningJob(job_id='00004978', prev_hash='7c7558c34ad2d0602e728f9a0470648483049161b7036452c089ed4e247807fd', coinb1='e2a0bf0331b99c53b48bebc8de9d398b3aaaba90917491d9044987e12d593849', coinb2='0000000500000000000000000000000000000000000000000000000000000000', version=3931905, nbits='1b00d5d1', ntime='68757e8c', target='000000000000d5d1000000000000000000000000000000000000000000000000', clean_jobs=True, merkle_branches=[])
2025-07-14 19:02:52,176 - INFO - Created header_woolypooly.bin for WoolyPooly
2025-07-14 19:02:52,310 - INFO - X16R mining completed for WoolyPooly
2025-07-14 19:02:52,327 - INFO - Connected to HeroMiners
2025-07-14 19:02:52,569 - INFO - Subscribe response from HeroMiners: {"id":1,"error":null,"result":[null,"1667"]}

2025-07-14 19:02:53,804 - INFO - Auth response from HeroMiners: {"id":2,"error":null,"result":true}

2025-07-14 19:02:53,805 - INFO - Parsed job for HeroMiners: MiningJob(job_id='0', prev_hash='ddfb193cb3799f219d9c6f92563e08dc315d2b1360457e5bb4d837118f404573', coinb1='e2a0bf0331b99c53b48bebc8de9d398b3aaaba90917491d9044987e12d593849', coinb2='00000003fffffffffffffffffffffffffffffffffffffffffffffffffffffffc', version=3931905, nbits='1b00d5d1', ntime='68757e8d', target='000000000000d5d1000000000000000000000000000000000000000000000000', clean_jobs=True, merkle_branches=[])
2025-07-14 19:02:53,805 - INFO - Created header_herominers.bin for HeroMiners
2025-07-14 19:02:53,962 - INFO - X16R mining completed for HeroMiners
2025-07-14 19:02:54,104 - INFO - Connected to Nanopool
2025-07-14 19:02:54,470 - INFO - Subscribe response from Nanopool: {"id":1,"result":[null,"eda792"],"error":null}

2025-07-14 19:02:54,724 - INFO - Auth response from Nanopool: {"id":null,"method":"mining.set_target","params":["00000004c5adf9601f294e237e477a16da83737a977a9898ed5f5fe6ad94fdd8"]}
{"id":null,"method":"mining.notify","params":["6bee","6e218051d7d1f251773bb568456e474354e7b6510ebe21f0617dfb73da17f656","e2a0bf0331b99c53b48bebc8de9d398b3aaaba90917491d9044987e12d593849","00000004c5adf9601f294e237e477a16da83737a977a9898ed5f5fe6ad94fdd8",true,3931905,"1b00d5d1"]}
{"id":2,"result":true,"error":null}

2025-07-14 19:02:55,331 - INFO - Parsed job for Nanopool: MiningJob(job_id='6bef', prev_hash='6c5e66c34e04d53c3a26c4cb435a20eb0e079d1a55125fe02b6edd0d933976c6', coinb1='e2a0bf0331b99c53b48bebc8de9d398b3aaaba90917491d9044987e12d593849', coinb2='00000004c5adf9601f294e237e477a16da83737a977a9898ed5f5fe6ad94fdd8', version=3931905, nbits='1b00d5d1', ntime='68757e8f', target='000000000000d5d1000000000000000000000000000000000000000000000000', clean_jobs=True, merkle_branches=[])
2025-07-14 19:02:55,331 - INFO - Created header_nanopool.bin for Nanopool
2025-07-14 19:02:55,476 - INFO - X16R mining completed for Nanopool
2025-07-14 19:02:55,476 - INFO - Cycle completed. Total shares: 0, Accepted: 0
2025-07-14 19:02:56,477 - INFO - === Mining Cycle #7 ===
2025-07-14 19:02:56,703 - INFO - Connected to 2Miners
2025-07-14 19:02:56,929 - INFO - Subscribe response from 2Miners: {"id":1,"result":["00606d08","eb"],"error":null}

2025-07-14 19:02:57,154 - INFO - Auth response from 2Miners: {"id":2,"result":true,"error":null}
{"id":null,"method":"mining.set_target","params":["00000000ffff0000000000000000000000000000000000000000000000000000"]}

2025-07-14 19:02:57,154 - INFO - Parsed job for 2Miners: MiningJob(job_id='46bc6', prev_hash='30356e9aa699ff9be90444bae8f709a0318fa0ab568f17df73c8a9b54947aea8', coinb1='e2a0bf0331b99c53b48bebc8de9d398b3aaaba90917491d9044987e12d593849', coinb2='00000000ffff0000000000000000000000000000000000000000000000000000', version=3931905, nbits='1b00d5d1', ntime='68757e91', target='000000000000d5d1000000000000000000000000000000000000000000000000', clean_jobs=True, merkle_branches=[])
2025-07-14 19:02:57,155 - INFO - Created header_2miners.bin for 2Miners
2025-07-14 19:02:57,291 - INFO - X16R mining completed for 2Miners
2025-07-14 19:02:57,458 - INFO - Connected to Ravenminer
2025-07-14 19:02:57,589 - INFO - Subscribe response from Ravenminer: {"id":1,"result":[null,"a3"],"error":null}

2025-07-14 19:02:57,717 - INFO - Auth response from Ravenminer: {"id":2,"result":true,"error":null}

2025-07-14 19:02:57,895 - INFO - Parsed job for Ravenminer: MiningJob(job_id='5b9e', prev_hash='d0c12044b735909b49aa32c9aa97d55b246cdeac549dc0d5705fb31f6ea5b1b7', coinb1='e2a0bf0331b99c53b48bebc8de9d398b3aaaba90917491d9044987e12d593849', coinb2='00000004fb000000000000000000000000000000000000000000000000000000', version=3931905, nbits='1b00d5d1', ntime='68757e91', target='000000000000d5d1000000000000000000000000000000000000000000000000', clean_jobs=True, merkle_branches=[])
2025-07-14 19:02:57,896 - INFO - Created header_ravenminer.bin for Ravenminer
2025-07-14 19:02:58,018 - INFO - X16R mining completed for Ravenminer
2025-07-14 19:02:58,035 - INFO - Connected to WoolyPooly
2025-07-14 19:02:58,047 - INFO - Subscribe response from WoolyPooly: {"id":1,"jsonrpc":"2.0","error":null,"result":["0HNDV153E4NUI","097f"]}

2025-07-14 19:02:58,267 - INFO - Auth response from WoolyPooly: {"id":2,"jsonrpc":"2.0","error":null,"result":true}

2025-07-14 19:02:58,267 - INFO - Parsed job for WoolyPooly: MiningJob(job_id='00004978', prev_hash='7c7558c34ad2d0602e728f9a0470648483049161b7036452c089ed4e247807fd', coinb1='e2a0bf0331b99c53b48bebc8de9d398b3aaaba90917491d9044987e12d593849', coinb2='0000000500000000000000000000000000000000000000000000000000000000', version=3931905, nbits='1b00d5d1', ntime='68757e92', target='000000000000d5d1000000000000000000000000000000000000000000000000', clean_jobs=True, merkle_branches=[])
2025-07-14 19:02:58,268 - INFO - Created header_woolypooly.bin for WoolyPooly
2025-07-14 19:02:58,395 - INFO - X16R mining completed for WoolyPooly
2025-07-14 19:02:58,412 - INFO - Connected to HeroMiners
2025-07-14 19:02:58,655 - INFO - Subscribe response from HeroMiners: {"id":1,"error":null,"result":[null,"268c"]}

2025-07-14 19:02:59,888 - INFO - Auth response from HeroMiners: {"id":2,"error":null,"result":true}

2025-07-14 19:02:59,889 - INFO - Parsed job for HeroMiners: MiningJob(job_id='0', prev_hash='ddfb193cb3799f219d9c6f92563e08dc315d2b1360457e5bb4d837118f404573', coinb1='e2a0bf0331b99c53b48bebc8de9d398b3aaaba90917491d9044987e12d593849', coinb2='00000003fffffffffffffffffffffffffffffffffffffffffffffffffffffffc', version=3931905, nbits='1b00d5d1', ntime='68757e93', target='000000000000d5d1000000000000000000000000000000000000000000000000', clean_jobs=True, merkle_branches=[])
2025-07-14 19:02:59,890 - INFO - Created header_herominers.bin for HeroMiners
2025-07-14 19:03:00,018 - INFO - X16R mining completed for HeroMiners
2025-07-14 19:03:00,193 - INFO - Connected to Nanopool
2025-07-14 19:03:00,518 - INFO - Subscribe response from Nanopool: {"id":1,"result":[null,"b89612"],"error":null}

2025-07-14 19:03:00,767 - INFO - Auth response from Nanopool: {"id":null,"method":"mining.set_target","params":["00000004c5adf9601f294e237e477a16da83737a977a9898ed5f5fe6ad94fdd8"]}

2025-07-14 19:03:00,767 - INFO - Parsed job for Nanopool: MiningJob(job_id='6bef', prev_hash='6c5e66c34e04d53c3a26c4cb435a20eb0e079d1a55125fe02b6edd0d933976c6', coinb1='e2a0bf0331b99c53b48bebc8de9d398b3aaaba90917491d9044987e12d593849', coinb2='00000004c5adf9601f294e237e477a16da83737a977a9898ed5f5fe6ad94fdd8', version=3931905, nbits='1b00d5d1', ntime='68757e94', target='000000000000d5d1000000000000000000000000000000000000000000000000', clean_jobs=True, merkle_branches=[])
2025-07-14 19:03:00,768 - INFO - Created header_nanopool.bin for Nanopool
2025-07-14 19:03:00,899 - INFO - X16R mining completed for Nanopool
2025-07-14 19:03:00,899 - INFO - Cycle completed. Total shares: 0, Accepted: 0
2025-07-14 19:03:01,900 - INFO - === Mining Cycle #8 ===
2025-07-14 19:03:02,167 - INFO - Connected to 2Miners
2025-07-14 19:03:02,394 - INFO - Subscribe response from 2Miners: {"id":1,"result":["062a3b56","9f"],"error":null}

2025-07-14 19:03:02,618 - INFO - Auth response from 2Miners: {"id":2,"result":true,"error":null}

2025-07-14 19:03:02,618 - INFO - Parsed job for 2Miners: MiningJob(job_id='46bc3', prev_hash='ad28d500feb98ad917ad700ab8d1ffcc38f75f4a60f09bf4d8bcfc2e5934257a', coinb1='e2a0bf0331b99c53b48bebc8de9d398b3aaaba90917491d9044987e12d593849', coinb2='00000000ffff0000000000000000000000000000000000000000000000000000', version=3931905, nbits='1b00d5d1', ntime='68757e96', target='000000000000d5d1000000000000000000000000000000000000000000000000', clean_jobs=False, merkle_branches=[])
2025-07-14 19:03:02,618 - INFO - Created header_2miners.bin for 2Miners
2025-07-14 19:03:02,752 - INFO - X16R mining completed for 2Miners
2025-07-14 19:03:02,903 - INFO - Connected to Ravenminer
2025-07-14 19:03:03,032 - INFO - Subscribe response from Ravenminer: {"id":1,"result":[null,"97"],"error":null}

2025-07-14 19:03:03,162 - INFO - Auth response from Ravenminer: {"id":2,"result":true,"error":null}

2025-07-14 19:03:03,333 - INFO - Parsed job for Ravenminer: MiningJob(job_id='5c9b', prev_hash='a2288c522d1ab4e88bb2b0613ca2b363d0a29599bcec1b2077dadff276d81140', coinb1='e2a0bf0331b99c53b48bebc8de9d398b3aaaba90917491d9044987e12d593849', coinb2='00000004fb000000000000000000000000000000000000000000000000000000', version=3931905, nbits='1b00d5d1', ntime='68757e97', target='000000000000d5d1000000000000000000000000000000000000000000000000', clean_jobs=True, merkle_branches=[])
2025-07-14 19:03:03,334 - INFO - Created header_ravenminer.bin for Ravenminer
2025-07-14 19:03:03,469 - INFO - X16R mining completed for Ravenminer
2025-07-14 19:03:03,487 - INFO - Connected to WoolyPooly
2025-07-14 19:03:03,501 - INFO - Subscribe response from WoolyPooly: {"id":1,"jsonrpc":"2.0","error":null,"result":["0HNDV153E4NV0","0981"]}

2025-07-14 19:03:03,724 - INFO - Auth response from WoolyPooly: {"id":2,"jsonrpc":"2.0","error":null,"result":true}

2025-07-14 19:03:03,724 - INFO - Parsed job for WoolyPooly: MiningJob(job_id='00004979', prev_hash='04483dc247cf59c545323f5a7d4e2855b14389e2aacf26e63bb3e05b56d28ad8', coinb1='e2a0bf0331b99c53b48bebc8de9d398b3aaaba90917491d9044987e12d593849', coinb2='0000000500000000000000000000000000000000000000000000000000000000', version=3931905, nbits='1b00d5d1', ntime='68757e97', target='000000000000d5d1000000000000000000000000000000000000000000000000', clean_jobs=True, merkle_branches=[])
2025-07-14 19:03:03,724 - INFO - Created header_woolypooly.bin for WoolyPooly
2025-07-14 19:03:03,862 - INFO - X16R mining completed for WoolyPooly
2025-07-14 19:03:03,879 - INFO - Connected to HeroMiners
2025-07-14 19:03:04,128 - INFO - Subscribe response from HeroMiners: {"id":1,"error":null,"result":[null,"16aa"]}

2025-07-14 19:03:05,376 - INFO - Auth response from HeroMiners: {"id":2,"error":null,"result":true}

2025-07-14 19:03:05,377 - INFO - Parsed job for HeroMiners: MiningJob(job_id='0', prev_hash='ddfb193cb3799f219d9c6f92563e08dc315d2b1360457e5bb4d837118f404573', coinb1='e2a0bf0331b99c53b48bebc8de9d398b3aaaba90917491d9044987e12d593849', coinb2='00000003fffffffffffffffffffffffffffffffffffffffffffffffffffffffc', version=3931905, nbits='1b00d5d1', ntime='68757e99', target='000000000000d5d1000000000000000000000000000000000000000000000000', clean_jobs=True, merkle_branches=[])
2025-07-14 19:03:05,377 - INFO - Created header_herominers.bin for HeroMiners
2025-07-14 19:03:05,511 - INFO - X16R mining completed for HeroMiners
2025-07-14 19:03:05,660 - INFO - Connected to Nanopool
2025-07-14 19:03:06,033 - INFO - Subscribe response from Nanopool: {"id":1,"result":[null,"34b082"],"error":null}

2025-07-14 19:03:06,299 - INFO - Auth response from Nanopool: {"id":null,"method":"mining.set_target","params":["00000004c5adf9601f294e237e477a16da83737a977a9898ed5f5fe6ad94fdd8"]}
{"id":null,"method":"mining.notify","params":["6bef","6c5e66c34e04d53c3a26c4cb435a20eb0e079d1a55125fe02b6edd0d933976c6","e2a0bf0331b99c53b48bebc8de9d398b3aaaba90917491d9044987e12d593849","00000004c5adf9601f294e237e477a16da83737a977a9898ed5f5fe6ad94fdd8",true,3931905,"1b00d5d1"]}
{"id":2,"result":true,"error":null}

2025-07-14 19:03:12,334 - INFO - Stopping X16R miner...
